<?xml version="1.0" encoding="UTF-8"?>
<!-- Generated by org.testng.reporters.JUnitReportReporter -->
<testsuite hostname="Lila" failures="0" tests="7" name="Tests.CurrentWeatherTest" time="5.829" errors="0" timestamp="2025-08-05T21:25:05 ACST" skipped="0">
  <testcase classname="Tests.CurrentWeatherTest" name="testResponseSchema" time="0.738"/>
  <system-out/>
  <testcase classname="Tests.CurrentWeatherTest" name="testValidApiKey" time="0.389"/>
  <system-out/>
  <testcase classname="Tests.CurrentWeatherTest" name="testMissingParameters" time="0.718"/>
  <system-out/>
  <testcase classname="Tests.CurrentWeatherTest" name="testDataAccuracy" time="2.608"/>
  <system-out/>
  <testcase classname="Tests.CurrentWeatherTest" name="testInvalidApiKey" time="0.474"/>
  <system-out/>
  <testcase classname="Tests.CurrentWeatherTest" name="testParameterCombination" time="0.523"/>
  <system-out/>
  <testcase classname="Tests.CurrentWeatherTest" name="testResponseTime" time="0.379"/>
  <system-out/>
</testsuite> <!-- Tests.CurrentWeatherTest -->
